<?xml version="1.0" encoding="UTF-8"?>
<testng-results ignored="0" total="2" passed="2" failed="0" skipped="0">
  <reporter-output>
  </reporter-output>
  <suite started-at="2023-01-16T16:19:33 IST" name="Default suite" finished-at="2023-01-16T16:19:33 IST" duration-ms="335">
    <groups>
    </groups>
    <test started-at="2023-01-16T16:19:33 IST" name="Default test" finished-at="2023-01-16T16:19:33 IST" duration-ms="335">
      <class name="tests.TeamTest">
        <test-method signature="testForeignPlayerCount()[pri:0, instance:tests.TeamTest@39529185]" started-at="2023-01-16T16:19:33 IST" name="testForeignPlayerCount" finished-at="2023-01-16T16:19:33 IST" duration-ms="281" status="PASS">
          <reporter-output>
          </reporter-output>
        </test-method> <!-- testForeignPlayerCount -->
        <test-method signature="testWicketKeeperExists()[pri:0, instance:tests.TeamTest@39529185]" started-at="2023-01-16T16:19:33 IST" name="testWicketKeeperExists" finished-at="2023-01-16T16:19:33 IST" duration-ms="4" status="PASS">
          <reporter-output>
          </reporter-output>
        </test-method> <!-- testWicketKeeperExists -->
      </class> <!-- tests.TeamTest -->
    </test> <!-- Default test -->
  </suite> <!-- Default suite -->
</testng-results>
